<?xml version="1.0" encoding="UTF-8"?>
<testng-results skipped="0" failed="0" ignored="0" total="2" passed="2">
  <reporter-output>
  </reporter-output>
  <suite name="Default suite" duration-ms="53" started-at="2019-03-01T06:17:22Z" finished-at="2019-03-01T06:17:22Z">
    <groups>
    </groups>
    <test name="Default test" duration-ms="53" started-at="2019-03-01T06:17:22Z" finished-at="2019-03-01T06:17:22Z">
      <class name="allu1.raki123">
        <test-method status="PASS" signature="login()[pri:0, instance:allu1.raki123@34c75a]" name="login" is-config="true" duration-ms="11" started-at="2019-03-01T06:17:22Z" finished-at="2019-03-01T06:17:22Z">
          <reporter-output>
          </reporter-output>
        </test-method> <!-- login -->
        <test-method status="PASS" signature="method3()[pri:0, instance:allu1.raki123@34c75a]" name="method3" duration-ms="8" started-at="2019-03-01T06:17:22Z" finished-at="2019-03-01T06:17:22Z">
          <reporter-output>
          </reporter-output>
        </test-method> <!-- method3 -->
        <test-method status="PASS" signature="method4()[pri:0, instance:allu1.raki123@34c75a]" name="method4" duration-ms="1" started-at="2019-03-01T06:17:22Z" finished-at="2019-03-01T06:17:22Z">
          <reporter-output>
          </reporter-output>
        </test-method> <!-- method4 -->
        <test-method status="PASS" signature="logout()[pri:0, instance:allu1.raki123@34c75a]" name="logout" is-config="true" duration-ms="1" started-at="2019-03-01T06:17:22Z" finished-at="2019-03-01T06:17:22Z">
          <reporter-output>
          </reporter-output>
        </test-method> <!-- logout -->
      </class> <!-- allu1.raki123 -->
    </test> <!-- Default test -->
  </suite> <!-- Default suite -->
</testng-results>
